[0.569s] Invoking command in '/home/ghassen/navera/src/position_estimator': PYTHONPATH=/home/ghassen/navera/build/position_estimator/prefix_override:/usr/lib/python3/dist-packages/colcon_core/task/python/colcon_distutils_commands:/home/ghassen/navera/install/position_estimator/lib/python3.10/site-packages:${PYTHONPATH} WSLENV=ELECTRON_RUN_AS_NODE/w: /usr/bin/python3 -W ignore:setup.py install is deprecated setup.py egg_info --egg-base ../../build/position_estimator build --build-base /home/ghassen/navera/build/position_estimator/build install --record /home/ghassen/navera/build/position_estimator/install.log --single-version-externally-managed install_data
[0.730s] running egg_info
[0.730s] writing ../../build/position_estimator/position_estimator.egg-info/PKG-INFO
[0.730s] writing dependency_links to ../../build/position_estimator/position_estimator.egg-info/dependency_links.txt
[0.731s] writing entry points to ../../build/position_estimator/position_estimator.egg-info/entry_points.txt
[0.731s] writing requirements to ../../build/position_estimator/position_estimator.egg-info/requires.txt
[0.731s] writing top-level names to ../../build/position_estimator/position_estimator.egg-info/top_level.txt
[0.733s] reading manifest file '../../build/position_estimator/position_estimator.egg-info/SOURCES.txt'
[0.734s] writing manifest file '../../build/position_estimator/position_estimator.egg-info/SOURCES.txt'
[0.734s] running build
[0.734s] running build_py
[0.735s] copying position_estimator/ukf_node.py -> /home/ghassen/navera/build/position_estimator/build/lib/position_estimator
[0.736s] running install
[0.736s] running install_lib
[0.737s] copying /home/ghassen/navera/build/position_estimator/build/lib/position_estimator/ukf_node.py -> /home/ghassen/navera/install/position_estimator/lib/python3.10/site-packages/position_estimator
[0.739s] byte-compiling /home/ghassen/navera/install/position_estimator/lib/python3.10/site-packages/position_estimator/ukf_node.py to ukf_node.cpython-310.pyc
[0.741s] running install_data
[0.741s] running install_egg_info
[0.743s] removing '/home/ghassen/navera/install/position_estimator/lib/python3.10/site-packages/position_estimator-0.0.0-py3.10.egg-info' (and everything under it)
[0.747s] Copying ../../build/position_estimator/position_estimator.egg-info to /home/ghassen/navera/install/position_estimator/lib/python3.10/site-packages/position_estimator-0.0.0-py3.10.egg-info
[0.748s] running install_scripts
[0.764s] Installing GPS_node script to /home/ghassen/navera/install/position_estimator/lib/position_estimator
[0.765s] Installing IMU_node script to /home/ghassen/navera/install/position_estimator/lib/position_estimator
[0.765s] Installing aerialAdjustmentNode script to /home/ghassen/navera/install/position_estimator/lib/position_estimator
[0.766s] Installing aerial_vision_node script to /home/ghassen/navera/install/position_estimator/lib/position_estimator
[0.766s] Installing celestialAdjustmentNode script to /home/ghassen/navera/install/position_estimator/lib/position_estimator
[0.767s] Installing celestial_vision_node script to /home/ghassen/navera/install/position_estimator/lib/position_estimator
[0.767s] Installing gpsDriverNode script to /home/ghassen/navera/install/position_estimator/lib/position_estimator
[0.767s] Installing imuDriverNode script to /home/ghassen/navera/install/position_estimator/lib/position_estimator
[0.767s] Installing ukf_node script to /home/ghassen/navera/install/position_estimator/lib/position_estimator
[0.768s] writing list of installed files to '/home/ghassen/navera/build/position_estimator/install.log'
[0.799s] Invoked command in '/home/ghassen/navera/src/position_estimator' returned '0': PYTHONPATH=/home/ghassen/navera/build/position_estimator/prefix_override:/usr/lib/python3/dist-packages/colcon_core/task/python/colcon_distutils_commands:/home/ghassen/navera/install/position_estimator/lib/python3.10/site-packages:${PYTHONPATH} WSLENV=ELECTRON_RUN_AS_NODE/w: /usr/bin/python3 -W ignore:setup.py install is deprecated setup.py egg_info --egg-base ../../build/position_estimator build --build-base /home/ghassen/navera/build/position_estimator/build install --record /home/ghassen/navera/build/position_estimator/install.log --single-version-externally-managed install_data
