[0.604s] Invoking command in '/home/ghassen/navera/src/position_estimator': PYTHONPATH=/home/ghassen/navera/build/position_estimator/prefix_override:/usr/lib/python3/dist-packages/colcon_core/task/python/colcon_distutils_commands:/home/ghassen/navera/install/position_estimator/lib/python3.10/site-packages:${PYTHONPATH} /usr/bin/python3 -W ignore:setup.py install is deprecated setup.py egg_info --egg-base ../../build/position_estimator build --build-base /home/ghassen/navera/build/position_estimator/build install --record /home/ghassen/navera/build/position_estimator/install.log --single-version-externally-managed install_data
[0.804s] running egg_info
[0.804s] writing ../../build/position_estimator/position_estimator.egg-info/PKG-INFO
[0.805s] writing dependency_links to ../../build/position_estimator/position_estimator.egg-info/dependency_links.txt
[0.805s] writing entry points to ../../build/position_estimator/position_estimator.egg-info/entry_points.txt
[0.805s] writing requirements to ../../build/position_estimator/position_estimator.egg-info/requires.txt
[0.805s] writing top-level names to ../../build/position_estimator/position_estimator.egg-info/top_level.txt
[0.807s] reading manifest file '../../build/position_estimator/position_estimator.egg-info/SOURCES.txt'
[0.809s] writing manifest file '../../build/position_estimator/position_estimator.egg-info/SOURCES.txt'
[0.809s] running build
[0.809s] running build_py
[0.810s] copying position_estimator/IMU_node.py -> /home/ghassen/navera/build/position_estimator/build/lib/position_estimator
[0.810s] copying position_estimator/celestial_vision_node.py -> /home/ghassen/navera/build/position_estimator/build/lib/position_estimator
[0.810s] copying position_estimator/GPS_node.py -> /home/ghassen/navera/build/position_estimator/build/lib/position_estimator
[0.811s] copying position_estimator/ukf_node.py -> /home/ghassen/navera/build/position_estimator/build/lib/position_estimator
[0.812s] copying position_estimator/aerial_vision_node.py -> /home/ghassen/navera/build/position_estimator/build/lib/position_estimator
[0.814s] running install
[0.814s] running install_lib
[0.815s] copying /home/ghassen/navera/build/position_estimator/build/lib/position_estimator/IMU_node.py -> /home/ghassen/navera/install/position_estimator/lib/python3.10/site-packages/position_estimator
[0.817s] copying /home/ghassen/navera/build/position_estimator/build/lib/position_estimator/celestial_vision_node.py -> /home/ghassen/navera/install/position_estimator/lib/python3.10/site-packages/position_estimator
[0.818s] copying /home/ghassen/navera/build/position_estimator/build/lib/position_estimator/GPS_node.py -> /home/ghassen/navera/install/position_estimator/lib/python3.10/site-packages/position_estimator
[0.818s] copying /home/ghassen/navera/build/position_estimator/build/lib/position_estimator/ukf_node.py -> /home/ghassen/navera/install/position_estimator/lib/python3.10/site-packages/position_estimator
[0.818s] copying /home/ghassen/navera/build/position_estimator/build/lib/position_estimator/aerial_vision_node.py -> /home/ghassen/navera/install/position_estimator/lib/python3.10/site-packages/position_estimator
[0.819s] byte-compiling /home/ghassen/navera/install/position_estimator/lib/python3.10/site-packages/position_estimator/IMU_node.py to IMU_node.cpython-310.pyc
[0.820s] byte-compiling /home/ghassen/navera/install/position_estimator/lib/python3.10/site-packages/position_estimator/celestial_vision_node.py to celestial_vision_node.cpython-310.pyc
[0.820s] byte-compiling /home/ghassen/navera/install/position_estimator/lib/python3.10/site-packages/position_estimator/GPS_node.py to GPS_node.cpython-310.pyc
[0.821s] byte-compiling /home/ghassen/navera/install/position_estimator/lib/python3.10/site-packages/position_estimator/ukf_node.py to ukf_node.cpython-310.pyc
[0.822s] byte-compiling /home/ghassen/navera/install/position_estimator/lib/python3.10/site-packages/position_estimator/aerial_vision_node.py to aerial_vision_node.cpython-310.pyc
[0.823s] running install_data
[0.823s] running install_egg_info
[0.824s] removing '/home/ghassen/navera/install/position_estimator/lib/python3.10/site-packages/position_estimator-0.0.0-py3.10.egg-info' (and everything under it)
[0.824s] Copying ../../build/position_estimator/position_estimator.egg-info to /home/ghassen/navera/install/position_estimator/lib/python3.10/site-packages/position_estimator-0.0.0-py3.10.egg-info
[0.826s] running install_scripts
[0.844s] Installing GPS_node script to /home/ghassen/navera/install/position_estimator/lib/position_estimator
[0.844s] Installing IMU_node script to /home/ghassen/navera/install/position_estimator/lib/position_estimator
[0.845s] Installing aerial_vision_node script to /home/ghassen/navera/install/position_estimator/lib/position_estimator
[0.845s] Installing celestial_vision_node script to /home/ghassen/navera/install/position_estimator/lib/position_estimator
[0.845s] Installing ukf_node script to /home/ghassen/navera/install/position_estimator/lib/position_estimator
[0.845s] writing list of installed files to '/home/ghassen/navera/build/position_estimator/install.log'
[0.870s] Invoked command in '/home/ghassen/navera/src/position_estimator' returned '0': PYTHONPATH=/home/ghassen/navera/build/position_estimator/prefix_override:/usr/lib/python3/dist-packages/colcon_core/task/python/colcon_distutils_commands:/home/ghassen/navera/install/position_estimator/lib/python3.10/site-packages:${PYTHONPATH} /usr/bin/python3 -W ignore:setup.py install is deprecated setup.py egg_info --egg-base ../../build/position_estimator build --build-base /home/ghassen/navera/build/position_estimator/build install --record /home/ghassen/navera/build/position_estimator/install.log --single-version-externally-managed install_data
