/home/ghassen/navera/install/position_estimator/lib/python3.10/site-packages/position_estimator/IMU_node.py
/home/ghassen/navera/install/position_estimator/lib/python3.10/site-packages/position_estimator/celestial_vision_node.py
/home/ghassen/navera/install/position_estimator/lib/python3.10/site-packages/position_estimator/ecef_gps.py
/home/ghassen/navera/install/position_estimator/lib/python3.10/site-packages/position_estimator/__init__.py
/home/ghassen/navera/install/position_estimator/lib/python3.10/site-packages/position_estimator/GPS_node.py
/home/ghassen/navera/install/position_estimator/lib/python3.10/site-packages/position_estimator/imuDriverNode.py
/home/ghassen/navera/install/position_estimator/lib/python3.10/site-packages/position_estimator/gps_ecef.py
/home/ghassen/navera/install/position_estimator/lib/python3.10/site-packages/position_estimator/gpsDriverNode.py
/home/ghassen/navera/install/position_estimator/lib/python3.10/site-packages/position_estimator/ukf_node.py
/home/ghassen/navera/install/position_estimator/lib/python3.10/site-packages/position_estimator/aerial_vision_node.py
/home/ghassen/navera/install/position_estimator/lib/python3.10/site-packages/position_estimator/__pycache__/IMU_node.cpython-310.pyc
/home/ghassen/navera/install/position_estimator/lib/python3.10/site-packages/position_estimator/__pycache__/celestial_vision_node.cpython-310.pyc
/home/ghassen/navera/install/position_estimator/lib/python3.10/site-packages/position_estimator/__pycache__/ecef_gps.cpython-310.pyc
/home/ghassen/navera/install/position_estimator/lib/python3.10/site-packages/position_estimator/__pycache__/__init__.cpython-310.pyc
/home/ghassen/navera/install/position_estimator/lib/python3.10/site-packages/position_estimator/__pycache__/GPS_node.cpython-310.pyc
/home/ghassen/navera/install/position_estimator/lib/python3.10/site-packages/position_estimator/__pycache__/imuDriverNode.cpython-310.pyc
/home/ghassen/navera/install/position_estimator/lib/python3.10/site-packages/position_estimator/__pycache__/gps_ecef.cpython-310.pyc
/home/ghassen/navera/install/position_estimator/lib/python3.10/site-packages/position_estimator/__pycache__/gpsDriverNode.cpython-310.pyc
/home/ghassen/navera/install/position_estimator/lib/python3.10/site-packages/position_estimator/__pycache__/ukf_node.cpython-310.pyc
/home/ghassen/navera/install/position_estimator/lib/python3.10/site-packages/position_estimator/__pycache__/aerial_vision_node.cpython-310.pyc
/home/ghassen/navera/install/position_estimator/share/ament_index/resource_index/packages/position_estimator
/home/ghassen/navera/install/position_estimator/share/position_estimator/package.xml
/home/ghassen/navera/install/position_estimator/lib/python3.10/site-packages/position_estimator-0.0.0-py3.10.egg-info/top_level.txt
/home/ghassen/navera/install/position_estimator/lib/python3.10/site-packages/position_estimator-0.0.0-py3.10.egg-info/PKG-INFO
/home/ghassen/navera/install/position_estimator/lib/python3.10/site-packages/position_estimator-0.0.0-py3.10.egg-info/zip-safe
/home/ghassen/navera/install/position_estimator/lib/python3.10/site-packages/position_estimator-0.0.0-py3.10.egg-info/SOURCES.txt
/home/ghassen/navera/install/position_estimator/lib/python3.10/site-packages/position_estimator-0.0.0-py3.10.egg-info/entry_points.txt
/home/ghassen/navera/install/position_estimator/lib/python3.10/site-packages/position_estimator-0.0.0-py3.10.egg-info/dependency_links.txt
/home/ghassen/navera/install/position_estimator/lib/python3.10/site-packages/position_estimator-0.0.0-py3.10.egg-info/requires.txt
/home/ghassen/navera/install/position_estimator/lib/position_estimator/GPS_node
/home/ghassen/navera/install/position_estimator/lib/position_estimator/IMU_node
/home/ghassen/navera/install/position_estimator/lib/position_estimator/aerial_vision_node
/home/ghassen/navera/install/position_estimator/lib/position_estimator/celestial_vision_node
/home/ghassen/navera/install/position_estimator/lib/position_estimator/gpsDriverNode
/home/ghassen/navera/install/position_estimator/lib/position_estimator/imuDriverNode
/home/ghassen/navera/install/position_estimator/lib/position_estimator/ukf_node
