[0.511s] Invoking command in '/home/ghassen/navera/src/position_estimator': PYTHONPATH=/home/ghassen/navera/build/position_estimator/prefix_override:/usr/lib/python3/dist-packages/colcon_core/task/python/colcon_distutils_commands:/home/ghassen/navera/install/position_estimator/lib/python3.10/site-packages:${PYTHONPATH} /usr/bin/python3 -W ignore:setup.py install is deprecated setup.py egg_info --egg-base ../../build/position_estimator build --build-base /home/ghassen/navera/build/position_estimator/build install --record /home/ghassen/navera/build/position_estimator/install.log --single-version-externally-managed install_data
[0.668s] running egg_info
[0.668s] creating ../../build/position_estimator/position_estimator.egg-info
[0.670s] writing ../../build/position_estimator/position_estimator.egg-info/PKG-INFO
[0.670s] writing dependency_links to ../../build/position_estimator/position_estimator.egg-info/dependency_links.txt
[0.670s] writing entry points to ../../build/position_estimator/position_estimator.egg-info/entry_points.txt
[0.670s] writing requirements to ../../build/position_estimator/position_estimator.egg-info/requires.txt
[0.671s] writing top-level names to ../../build/position_estimator/position_estimator.egg-info/top_level.txt
[0.671s] writing manifest file '../../build/position_estimator/position_estimator.egg-info/SOURCES.txt'
[0.672s] reading manifest file '../../build/position_estimator/position_estimator.egg-info/SOURCES.txt'
[0.673s] writing manifest file '../../build/position_estimator/position_estimator.egg-info/SOURCES.txt'
[0.673s] running build
[0.673s] running build_py
[0.673s] creating /home/ghassen/navera/build/position_estimator/build
[0.674s] creating /home/ghassen/navera/build/position_estimator/build/lib
[0.674s] creating /home/ghassen/navera/build/position_estimator/build/lib/position_estimator
[0.675s] copying position_estimator/__init__.py -> /home/ghassen/navera/build/position_estimator/build/lib/position_estimator
[0.675s] running install
[0.676s] running install_lib
[0.676s] creating /home/ghassen/navera/install/position_estimator/lib/python3.10/site-packages/position_estimator
[0.677s] copying /home/ghassen/navera/build/position_estimator/build/lib/position_estimator/__init__.py -> /home/ghassen/navera/install/position_estimator/lib/python3.10/site-packages/position_estimator
[0.678s] byte-compiling /home/ghassen/navera/install/position_estimator/lib/python3.10/site-packages/position_estimator/__init__.py to __init__.cpython-310.pyc
[0.678s] running install_data
[0.678s] creating /home/ghassen/navera/install/position_estimator/share/ament_index
[0.679s] creating /home/ghassen/navera/install/position_estimator/share/ament_index/resource_index
[0.680s] creating /home/ghassen/navera/install/position_estimator/share/ament_index/resource_index/packages
[0.681s] copying resource/position_estimator -> /home/ghassen/navera/install/position_estimator/share/ament_index/resource_index/packages
[0.681s] copying package.xml -> /home/ghassen/navera/install/position_estimator/share/position_estimator
[0.681s] running install_egg_info
[0.683s] Copying ../../build/position_estimator/position_estimator.egg-info to /home/ghassen/navera/install/position_estimator/lib/python3.10/site-packages/position_estimator-0.0.0-py3.10.egg-info
[0.684s] running install_scripts
[0.699s] Installing ukf_node script to /home/ghassen/navera/install/position_estimator/lib/position_estimator
[0.700s] writing list of installed files to '/home/ghassen/navera/build/position_estimator/install.log'
[0.724s] Invoked command in '/home/ghassen/navera/src/position_estimator' returned '0': PYTHONPATH=/home/ghassen/navera/build/position_estimator/prefix_override:/usr/lib/python3/dist-packages/colcon_core/task/python/colcon_distutils_commands:/home/ghassen/navera/install/position_estimator/lib/python3.10/site-packages:${PYTHONPATH} /usr/bin/python3 -W ignore:setup.py install is deprecated setup.py egg_info --egg-base ../../build/position_estimator build --build-base /home/ghassen/navera/build/position_estimator/build install --record /home/ghassen/navera/build/position_estimator/install.log --single-version-externally-managed install_data
