[0.634s] DEBUG:colcon:Command line arguments: ['/usr/bin/colcon', 'build']
[0.634s] DEBUG:colcon:Parsed command line arguments: Namespace(log_base=None, log_level=None, verb_name='build', build_base='build', install_base='install', merge_install=False, symlink_install=False, test_result_base=None, continue_on_error=False, executor='parallel', parallel_workers=8, event_handlers=None, ignore_user_meta=False, metas=['./colcon.meta'], base_paths=['.'], packages_ignore=None, packages_ignore_regex=None, paths=None, packages_up_to=None, packages_up_to_regex=None, packages_above=None, packages_above_and_dependencies=None, packages_above_depth=None, packages_select_by_dep=None, packages_skip_by_dep=None, packages_skip_up_to=None, packages_select_build_failed=False, packages_skip_build_finished=False, packages_select_test_failures=False, packages_skip_test_passed=False, packages_select=None, packages_skip=None, packages_select_regex=None, packages_skip_regex=None, packages_start=None, packages_end=None, allow_overriding=[], cmake_args=None, cmake_target=None, cmake_target_skip_unavailable=False, cmake_clean_cache=False, cmake_clean_first=False, cmake_force_configure=False, ament_cmake_args=None, catkin_cmake_args=None, catkin_skip_building_tests=False, mixin_files=None, mixin=None, verb_parser=<colcon_mixin.mixin.mixin_argument.MixinArgumentDecorator object at 0x7ff0f816b9d0>, verb_extension=<colcon_core.verb.build.BuildVerb object at 0x7ff0f816b340>, main=<bound method BuildVerb.main of <colcon_core.verb.build.BuildVerb object at 0x7ff0f816b340>>, mixin_verb=('build',))
[1.128s] Level 1:colcon.colcon_core.package_discovery:discover_packages(colcon_meta) check parameters
[1.128s] Level 1:colcon.colcon_core.package_discovery:discover_packages(recursive) check parameters
[1.128s] Level 1:colcon.colcon_core.package_discovery:discover_packages(ignore) check parameters
[1.128s] Level 1:colcon.colcon_core.package_discovery:discover_packages(path) check parameters
[1.128s] Level 1:colcon.colcon_core.package_discovery:discover_packages(colcon_meta) discover
[1.128s] Level 1:colcon.colcon_core.package_discovery:discover_packages(recursive) discover
[1.128s] INFO:colcon.colcon_core.package_discovery:Crawling recursively for packages in '/home/ghassen/navera'
[1.128s] Level 1:colcon.colcon_core.package_identification:_identify(.) by extensions ['ignore', 'ignore_ament_install']
[1.128s] Level 1:colcon.colcon_core.package_identification:_identify(.) by extension 'ignore'
[1.128s] Level 1:colcon.colcon_core.package_identification:_identify(.) by extension 'ignore_ament_install'
[1.128s] Level 1:colcon.colcon_core.package_identification:_identify(.) by extensions ['colcon_pkg']
[1.129s] Level 1:colcon.colcon_core.package_identification:_identify(.) by extension 'colcon_pkg'
[1.129s] Level 1:colcon.colcon_core.package_identification:_identify(.) by extensions ['colcon_meta']
[1.129s] Level 1:colcon.colcon_core.package_identification:_identify(.) by extension 'colcon_meta'
[1.129s] Level 1:colcon.colcon_core.package_identification:_identify(.) by extensions ['ros']
[1.129s] Level 1:colcon.colcon_core.package_identification:_identify(.) by extension 'ros'
[1.143s] Level 1:colcon.colcon_core.package_identification:_identify(.) by extensions ['cmake', 'python']
[1.143s] Level 1:colcon.colcon_core.package_identification:_identify(.) by extension 'cmake'
[1.143s] Level 1:colcon.colcon_core.package_identification:_identify(.) by extension 'python'
[1.143s] Level 1:colcon.colcon_core.package_identification:_identify(.) by extensions ['python_setup_py']
[1.143s] Level 1:colcon.colcon_core.package_identification:_identify(.) by extension 'python_setup_py'
[1.143s] Level 1:colcon.colcon_core.package_identification:_identify(build) by extensions ['ignore', 'ignore_ament_install']
[1.144s] Level 1:colcon.colcon_core.package_identification:_identify(build) by extension 'ignore'
[1.144s] Level 1:colcon.colcon_core.package_identification:_identify(build) ignored
[1.144s] Level 1:colcon.colcon_core.package_identification:_identify(install) by extensions ['ignore', 'ignore_ament_install']
[1.144s] Level 1:colcon.colcon_core.package_identification:_identify(install) by extension 'ignore'
[1.144s] Level 1:colcon.colcon_core.package_identification:_identify(install) ignored
[1.144s] Level 1:colcon.colcon_core.package_identification:_identify(log) by extensions ['ignore', 'ignore_ament_install']
[1.144s] Level 1:colcon.colcon_core.package_identification:_identify(log) by extension 'ignore'
[1.144s] Level 1:colcon.colcon_core.package_identification:_identify(log) ignored
[1.145s] Level 1:colcon.colcon_core.package_identification:_identify(src) by extensions ['ignore', 'ignore_ament_install']
[1.145s] Level 1:colcon.colcon_core.package_identification:_identify(src) by extension 'ignore'
[1.145s] Level 1:colcon.colcon_core.package_identification:_identify(src) by extension 'ignore_ament_install'
[1.145s] Level 1:colcon.colcon_core.package_identification:_identify(src) by extensions ['colcon_pkg']
[1.145s] Level 1:colcon.colcon_core.package_identification:_identify(src) by extension 'colcon_pkg'
[1.145s] Level 1:colcon.colcon_core.package_identification:_identify(src) by extensions ['colcon_meta']
[1.145s] Level 1:colcon.colcon_core.package_identification:_identify(src) by extension 'colcon_meta'
[1.145s] Level 1:colcon.colcon_core.package_identification:_identify(src) by extensions ['ros']
[1.145s] Level 1:colcon.colcon_core.package_identification:_identify(src) by extension 'ros'
[1.145s] Level 1:colcon.colcon_core.package_identification:_identify(src) by extensions ['cmake', 'python']
[1.145s] Level 1:colcon.colcon_core.package_identification:_identify(src) by extension 'cmake'
[1.145s] Level 1:colcon.colcon_core.package_identification:_identify(src) by extension 'python'
[1.145s] Level 1:colcon.colcon_core.package_identification:_identify(src) by extensions ['python_setup_py']
[1.145s] Level 1:colcon.colcon_core.package_identification:_identify(src) by extension 'python_setup_py'
[1.146s] Level 1:colcon.colcon_core.package_identification:_identify(src/position_estimator) by extensions ['ignore', 'ignore_ament_install']
[1.146s] Level 1:colcon.colcon_core.package_identification:_identify(src/position_estimator) by extension 'ignore'
[1.146s] Level 1:colcon.colcon_core.package_identification:_identify(src/position_estimator) by extension 'ignore_ament_install'
[1.146s] Level 1:colcon.colcon_core.package_identification:_identify(src/position_estimator) by extensions ['colcon_pkg']
[1.146s] Level 1:colcon.colcon_core.package_identification:_identify(src/position_estimator) by extension 'colcon_pkg'
[1.146s] Level 1:colcon.colcon_core.package_identification:_identify(src/position_estimator) by extensions ['colcon_meta']
[1.146s] Level 1:colcon.colcon_core.package_identification:_identify(src/position_estimator) by extension 'colcon_meta'
[1.146s] Level 1:colcon.colcon_core.package_identification:_identify(src/position_estimator) by extensions ['ros']
[1.146s] Level 1:colcon.colcon_core.package_identification:_identify(src/position_estimator) by extension 'ros'
[1.148s] DEBUG:colcon.colcon_core.package_identification:Package 'src/position_estimator' with type 'ros.ament_python' and name 'position_estimator'
[1.149s] Level 1:colcon.colcon_core.package_discovery:discover_packages(recursive) using defaults
[1.149s] Level 1:colcon.colcon_core.package_discovery:discover_packages(ignore) discover
[1.149s] Level 1:colcon.colcon_core.package_discovery:discover_packages(ignore) using defaults
[1.149s] Level 1:colcon.colcon_core.package_discovery:discover_packages(path) discover
[1.149s] Level 1:colcon.colcon_core.package_discovery:discover_packages(path) using defaults
[1.177s] Level 1:colcon.colcon_core.package_discovery:discover_packages(prefix_path) check parameters
[1.177s] Level 1:colcon.colcon_core.package_discovery:discover_packages(prefix_path) discover
[1.183s] DEBUG:colcon.colcon_installed_package_information.package_discovery:Found 1 installed packages in /home/ghassen/navera/install
[1.184s] DEBUG:colcon.colcon_installed_package_information.package_discovery:Found 189 installed packages in /opt/ros/humble
[1.186s] Level 1:colcon.colcon_core.package_discovery:discover_packages(prefix_path) using defaults
[1.356s] Level 5:colcon.colcon_core.verb:set package 'position_estimator' build argument 'cmake_args' from command line to 'None'
[1.357s] Level 5:colcon.colcon_core.verb:set package 'position_estimator' build argument 'cmake_target' from command line to 'None'
[1.357s] Level 5:colcon.colcon_core.verb:set package 'position_estimator' build argument 'cmake_target_skip_unavailable' from command line to 'False'
[1.357s] Level 5:colcon.colcon_core.verb:set package 'position_estimator' build argument 'cmake_clean_cache' from command line to 'False'
[1.357s] Level 5:colcon.colcon_core.verb:set package 'position_estimator' build argument 'cmake_clean_first' from command line to 'False'
[1.357s] Level 5:colcon.colcon_core.verb:set package 'position_estimator' build argument 'cmake_force_configure' from command line to 'False'
[1.357s] Level 5:colcon.colcon_core.verb:set package 'position_estimator' build argument 'ament_cmake_args' from command line to 'None'
[1.357s] Level 5:colcon.colcon_core.verb:set package 'position_estimator' build argument 'catkin_cmake_args' from command line to 'None'
[1.357s] Level 5:colcon.colcon_core.verb:set package 'position_estimator' build argument 'catkin_skip_building_tests' from command line to 'False'
[1.357s] DEBUG:colcon.colcon_core.verb:Building package 'position_estimator' with the following arguments: {'ament_cmake_args': None, 'build_base': '/home/ghassen/navera/build/position_estimator', 'catkin_cmake_args': None, 'catkin_skip_building_tests': False, 'cmake_args': None, 'cmake_clean_cache': False, 'cmake_clean_first': False, 'cmake_force_configure': False, 'cmake_target': None, 'cmake_target_skip_unavailable': False, 'install_base': '/home/ghassen/navera/install/position_estimator', 'merge_install': False, 'path': '/home/ghassen/navera/src/position_estimator', 'symlink_install': False, 'test_result_base': None}
[1.357s] INFO:colcon.colcon_core.executor:Executing jobs using 'parallel' executor
[1.359s] DEBUG:colcon.colcon_parallel_executor.executor.parallel:run_until_complete
[1.360s] INFO:colcon.colcon_ros.task.ament_python.build:Building ROS package in '/home/ghassen/navera/src/position_estimator' with build type 'ament_python'
[1.360s] Level 1:colcon.colcon_core.shell:create_environment_hook('position_estimator', 'ament_prefix_path')
[1.372s] INFO:colcon.colcon_core.plugin_system:Skipping extension 'colcon_core.shell.bat': Not used on non-Windows systems
[1.373s] INFO:colcon.colcon_core.shell:Creating environment hook '/home/ghassen/navera/install/position_estimator/share/position_estimator/hook/ament_prefix_path.ps1'
[1.375s] INFO:colcon.colcon_core.shell:Creating environment descriptor '/home/ghassen/navera/install/position_estimator/share/position_estimator/hook/ament_prefix_path.dsv'
[1.377s] INFO:colcon.colcon_core.shell:Creating environment hook '/home/ghassen/navera/install/position_estimator/share/position_estimator/hook/ament_prefix_path.sh'
[1.379s] INFO:colcon.colcon_core.shell:Skip shell extension 'powershell' for command environment: Not usable outside of PowerShell
[1.379s] DEBUG:colcon.colcon_core.shell:Skip shell extension 'dsv' for command environment
[1.643s] INFO:colcon.colcon_core.task.python.build:Building Python package in '/home/ghassen/navera/src/position_estimator'
[1.644s] INFO:colcon.colcon_core.shell:Skip shell extension 'powershell' for command environment: Not usable outside of PowerShell
[1.644s] DEBUG:colcon.colcon_core.shell:Skip shell extension 'dsv' for command environment
[2.055s] DEBUG:colcon.colcon_core.event_handler.log_command:Invoking command in '/home/ghassen/navera/src/position_estimator': PYTHONPATH=/home/ghassen/navera/build/position_estimator/prefix_override:/usr/lib/python3/dist-packages/colcon_core/task/python/colcon_distutils_commands:/home/ghassen/navera/install/position_estimator/lib/python3.10/site-packages:${PYTHONPATH} /usr/bin/python3 -W ignore:setup.py install is deprecated setup.py egg_info --egg-base ../../build/position_estimator build --build-base /home/ghassen/navera/build/position_estimator/build install --record /home/ghassen/navera/build/position_estimator/install.log --single-version-externally-managed install_data
[2.415s] DEBUG:colcon.colcon_core.event_handler.log_command:Invoked command in '/home/ghassen/navera/src/position_estimator' returned '0': PYTHONPATH=/home/ghassen/navera/build/position_estimator/prefix_override:/usr/lib/python3/dist-packages/colcon_core/task/python/colcon_distutils_commands:/home/ghassen/navera/install/position_estimator/lib/python3.10/site-packages:${PYTHONPATH} /usr/bin/python3 -W ignore:setup.py install is deprecated setup.py egg_info --egg-base ../../build/position_estimator build --build-base /home/ghassen/navera/build/position_estimator/build install --record /home/ghassen/navera/build/position_estimator/install.log --single-version-externally-managed install_data
[2.424s] Level 1:colcon.colcon_core.environment:checking '/home/ghassen/navera/install/position_estimator' for CMake module files
[2.426s] Level 1:colcon.colcon_core.environment:checking '/home/ghassen/navera/install/position_estimator' for CMake config files
[2.430s] Level 1:colcon.colcon_core.environment:checking '/home/ghassen/navera/install/position_estimator/lib'
[2.430s] Level 1:colcon.colcon_core.environment:checking '/home/ghassen/navera/install/position_estimator/bin'
[2.431s] Level 1:colcon.colcon_core.environment:checking '/home/ghassen/navera/install/position_estimator/lib/pkgconfig/position_estimator.pc'
[2.431s] Level 1:colcon.colcon_core.environment:checking '/home/ghassen/navera/install/position_estimator/lib/python3.10/site-packages'
[2.431s] Level 1:colcon.colcon_core.shell:create_environment_hook('position_estimator', 'pythonpath')
[2.432s] INFO:colcon.colcon_core.shell:Creating environment hook '/home/ghassen/navera/install/position_estimator/share/position_estimator/hook/pythonpath.ps1'
[2.433s] INFO:colcon.colcon_core.shell:Creating environment descriptor '/home/ghassen/navera/install/position_estimator/share/position_estimator/hook/pythonpath.dsv'
[2.434s] INFO:colcon.colcon_core.shell:Creating environment hook '/home/ghassen/navera/install/position_estimator/share/position_estimator/hook/pythonpath.sh'
[2.435s] Level 1:colcon.colcon_core.environment:checking '/home/ghassen/navera/install/position_estimator/bin'
[2.435s] Level 1:colcon.colcon_core.environment:create_environment_scripts_only(position_estimator)
[2.435s] INFO:colcon.colcon_core.shell:Creating package script '/home/ghassen/navera/install/position_estimator/share/position_estimator/package.ps1'
[2.437s] INFO:colcon.colcon_core.shell:Creating package descriptor '/home/ghassen/navera/install/position_estimator/share/position_estimator/package.dsv'
[2.439s] INFO:colcon.colcon_core.shell:Creating package script '/home/ghassen/navera/install/position_estimator/share/position_estimator/package.sh'
[2.440s] INFO:colcon.colcon_core.shell:Creating package script '/home/ghassen/navera/install/position_estimator/share/position_estimator/package.bash'
[2.442s] INFO:colcon.colcon_core.shell:Creating package script '/home/ghassen/navera/install/position_estimator/share/position_estimator/package.zsh'
[2.443s] Level 1:colcon.colcon_core.environment:create_file_with_runtime_dependencies(/home/ghassen/navera/install/position_estimator/share/colcon-core/packages/position_estimator)
[2.443s] DEBUG:colcon.colcon_parallel_executor.executor.parallel:closing loop
[2.444s] DEBUG:colcon.colcon_parallel_executor.executor.parallel:loop closed
[2.444s] DEBUG:colcon.colcon_parallel_executor.executor.parallel:run_until_complete finished with '0'
[2.445s] DEBUG:colcon.colcon_core.event_reactor:joining thread
[2.514s] INFO:colcon.colcon_core.plugin_system:Skipping extension 'colcon_notification.desktop_notification.terminal_notifier': Not used on non-Darwin systems
[2.514s] INFO:colcon.colcon_core.plugin_system:Skipping extension 'colcon_notification.desktop_notification.win32': Not used on non-Windows systems
[2.514s] INFO:colcon.colcon_notification.desktop_notification:Sending desktop notification using 'notify2'
[2.515s] DEBUG:colcon.colcon_notification.desktop_notification.notify2:Failed to initialize notify2: org.freedesktop.DBus.Error.FileNotFound: Failed to connect to socket /run/user/1000/bus: No such file or directory
[2.515s] DEBUG:colcon.colcon_core.event_reactor:joined thread
[2.515s] INFO:colcon.colcon_core.shell:Creating prefix script '/home/ghassen/navera/install/local_setup.ps1'
[2.518s] INFO:colcon.colcon_core.shell:Creating prefix util module '/home/ghassen/navera/install/_local_setup_util_ps1.py'
[2.521s] INFO:colcon.colcon_core.shell:Creating prefix chain script '/home/ghassen/navera/install/setup.ps1'
[2.523s] INFO:colcon.colcon_core.shell:Creating prefix script '/home/ghassen/navera/install/local_setup.sh'
[2.525s] INFO:colcon.colcon_core.shell:Creating prefix util module '/home/ghassen/navera/install/_local_setup_util_sh.py'
[2.526s] INFO:colcon.colcon_core.shell:Creating prefix chain script '/home/ghassen/navera/install/setup.sh'
[2.536s] INFO:colcon.colcon_core.shell:Creating prefix script '/home/ghassen/navera/install/local_setup.bash'
[2.538s] INFO:colcon.colcon_core.shell:Creating prefix chain script '/home/ghassen/navera/install/setup.bash'
[2.541s] INFO:colcon.colcon_core.shell:Creating prefix script '/home/ghassen/navera/install/local_setup.zsh'
[2.543s] INFO:colcon.colcon_core.shell:Creating prefix chain script '/home/ghassen/navera/install/setup.zsh'
