[0.515s] Invoking command in '/home/ghassen/navera/src/position_estimator': PYTHONPATH=/home/ghassen/navera/build/position_estimator/prefix_override:/usr/lib/python3/dist-packages/colcon_core/task/python/colcon_distutils_commands:/home/ghassen/navera/install/position_estimator/lib/python3.10/site-packages:${PYTHONPATH} WSLENV=ELECTRON_RUN_AS_NODE/w: /usr/bin/python3 -W ignore:setup.py install is deprecated setup.py egg_info --egg-base ../../build/position_estimator build --build-base /home/ghassen/navera/build/position_estimator/build install --record /home/ghassen/navera/build/position_estimator/install.log --single-version-externally-managed install_data
[0.693s] running egg_info
[0.694s] writing ../../build/position_estimator/position_estimator.egg-info/PKG-INFO
[0.694s] writing dependency_links to ../../build/position_estimator/position_estimator.egg-info/dependency_links.txt
[0.694s] writing entry points to ../../build/position_estimator/position_estimator.egg-info/entry_points.txt
[0.694s] writing requirements to ../../build/position_estimator/position_estimator.egg-info/requires.txt
[0.694s] writing top-level names to ../../build/position_estimator/position_estimator.egg-info/top_level.txt
[0.696s] reading manifest file '../../build/position_estimator/position_estimator.egg-info/SOURCES.txt'
[0.697s] writing manifest file '../../build/position_estimator/position_estimator.egg-info/SOURCES.txt'
[0.697s] running build
[0.697s] running build_py
[0.698s] copying position_estimator/ukf_node.py -> /home/ghassen/navera/build/position_estimator/build/lib/position_estimator
[0.698s] running install
[0.698s] running install_lib
[0.699s] copying /home/ghassen/navera/build/position_estimator/build/lib/position_estimator/ukf_node.py -> /home/ghassen/navera/install/position_estimator/lib/python3.10/site-packages/position_estimator
[0.700s] byte-compiling /home/ghassen/navera/install/position_estimator/lib/python3.10/site-packages/position_estimator/ukf_node.py to ukf_node.cpython-310.pyc
[0.701s] running install_data
[0.701s] running install_egg_info
[0.703s] removing '/home/ghassen/navera/install/position_estimator/lib/python3.10/site-packages/position_estimator-0.0.0-py3.10.egg-info' (and everything under it)
[0.703s] Copying ../../build/position_estimator/position_estimator.egg-info to /home/ghassen/navera/install/position_estimator/lib/python3.10/site-packages/position_estimator-0.0.0-py3.10.egg-info
[0.704s] running install_scripts
[0.723s] Installing GPS_node script to /home/ghassen/navera/install/position_estimator/lib/position_estimator
[0.724s] Installing IMU_node script to /home/ghassen/navera/install/position_estimator/lib/position_estimator
[0.724s] Installing aerialAdjustmentNode script to /home/ghassen/navera/install/position_estimator/lib/position_estimator
[0.724s] Installing aerial_vision_node script to /home/ghassen/navera/install/position_estimator/lib/position_estimator
[0.724s] Installing celestialAdjustmentNode script to /home/ghassen/navera/install/position_estimator/lib/position_estimator
[0.724s] Installing celestial_vision_node script to /home/ghassen/navera/install/position_estimator/lib/position_estimator
[0.724s] Installing gpsDriverNode script to /home/ghassen/navera/install/position_estimator/lib/position_estimator
[0.724s] Installing imuDriverNode script to /home/ghassen/navera/install/position_estimator/lib/position_estimator
[0.724s] Installing ukf_node script to /home/ghassen/navera/install/position_estimator/lib/position_estimator
[0.725s] writing list of installed files to '/home/ghassen/navera/build/position_estimator/install.log'
[0.749s] Invoked command in '/home/ghassen/navera/src/position_estimator' returned '0': PYTHONPATH=/home/ghassen/navera/build/position_estimator/prefix_override:/usr/lib/python3/dist-packages/colcon_core/task/python/colcon_distutils_commands:/home/ghassen/navera/install/position_estimator/lib/python3.10/site-packages:${PYTHONPATH} WSLENV=ELECTRON_RUN_AS_NODE/w: /usr/bin/python3 -W ignore:setup.py install is deprecated setup.py egg_info --egg-base ../../build/position_estimator build --build-base /home/ghassen/navera/build/position_estimator/build install --record /home/ghassen/navera/build/position_estimator/install.log --single-version-externally-managed install_data
