[0.694s] Invoking command in '/home/ghassen/navera/src/position_estimator': PYTHONPATH=/home/ghassen/navera/build/position_estimator/prefix_override:/usr/lib/python3/dist-packages/colcon_core/task/python/colcon_distutils_commands:/home/ghassen/navera/install/position_estimator/lib/python3.10/site-packages:${PYTHONPATH} /usr/bin/python3 -W ignore:setup.py install is deprecated setup.py egg_info --egg-base ../../build/position_estimator build --build-base /home/ghassen/navera/build/position_estimator/build install --record /home/ghassen/navera/build/position_estimator/install.log --single-version-externally-managed install_data
[0.975s] running egg_info
[0.976s] writing ../../build/position_estimator/position_estimator.egg-info/PKG-INFO
[0.977s] writing dependency_links to ../../build/position_estimator/position_estimator.egg-info/dependency_links.txt
[0.977s] writing entry points to ../../build/position_estimator/position_estimator.egg-info/entry_points.txt
[0.978s] writing requirements to ../../build/position_estimator/position_estimator.egg-info/requires.txt
[0.978s] writing top-level names to ../../build/position_estimator/position_estimator.egg-info/top_level.txt
[0.983s] reading manifest file '../../build/position_estimator/position_estimator.egg-info/SOURCES.txt'
[0.985s] writing manifest file '../../build/position_estimator/position_estimator.egg-info/SOURCES.txt'
[0.985s] running build
[0.985s] running build_py
[0.985s] running install
[0.986s] running install_lib
[0.988s] running install_data
[0.989s] running install_egg_info
[0.991s] removing '/home/ghassen/navera/install/position_estimator/lib/python3.10/site-packages/position_estimator-0.0.0-py3.10.egg-info' (and everything under it)
[0.992s] Copying ../../build/position_estimator/position_estimator.egg-info to /home/ghassen/navera/install/position_estimator/lib/python3.10/site-packages/position_estimator-0.0.0-py3.10.egg-info
[0.994s] running install_scripts
[1.024s] Installing GPS_node script to /home/ghassen/navera/install/position_estimator/lib/position_estimator
[1.024s] Installing IMU_node script to /home/ghassen/navera/install/position_estimator/lib/position_estimator
[1.024s] Installing aerial_vision_node script to /home/ghassen/navera/install/position_estimator/lib/position_estimator
[1.025s] Installing celestial_vision_node script to /home/ghassen/navera/install/position_estimator/lib/position_estimator
[1.025s] Installing gpsDriverNode script to /home/ghassen/navera/install/position_estimator/lib/position_estimator
[1.025s] Installing imuDriverNode script to /home/ghassen/navera/install/position_estimator/lib/position_estimator
[1.025s] Installing ukf_node script to /home/ghassen/navera/install/position_estimator/lib/position_estimator
[1.025s] writing list of installed files to '/home/ghassen/navera/build/position_estimator/install.log'
[1.054s] Invoked command in '/home/ghassen/navera/src/position_estimator' returned '0': PYTHONPATH=/home/ghassen/navera/build/position_estimator/prefix_override:/usr/lib/python3/dist-packages/colcon_core/task/python/colcon_distutils_commands:/home/ghassen/navera/install/position_estimator/lib/python3.10/site-packages:${PYTHONPATH} /usr/bin/python3 -W ignore:setup.py install is deprecated setup.py egg_info --egg-base ../../build/position_estimator build --build-base /home/ghassen/navera/build/position_estimator/build install --record /home/ghassen/navera/build/position_estimator/install.log --single-version-externally-managed install_data
