running egg_info
writing ../../build/position_estimator/position_estimator.egg-info/PKG-INFO
writing dependency_links to ../../build/position_estimator/position_estimator.egg-info/dependency_links.txt
writing entry points to ../../build/position_estimator/position_estimator.egg-info/entry_points.txt
writing requirements to ../../build/position_estimator/position_estimator.egg-info/requires.txt
writing top-level names to ../../build/position_estimator/position_estimator.egg-info/top_level.txt
reading manifest file '../../build/position_estimator/position_estimator.egg-info/SOURCES.txt'
writing manifest file '../../build/position_estimator/position_estimator.egg-info/SOURCES.txt'
running build
running build_py
running install
running install_lib
running install_data
running install_egg_info
removing '/home/ghassen/navera/install/position_estimator/lib/python3.10/site-packages/position_estimator-0.0.0-py3.10.egg-info' (and everything under it)
Copying ../../build/position_estimator/position_estimator.egg-info to /home/ghassen/navera/install/position_estimator/lib/python3.10/site-packages/position_estimator-0.0.0-py3.10.egg-info
running install_scripts
Installing ecef_gps script to /home/ghassen/navera/install/position_estimator/lib/position_estimator
Installing gps_ecef script to /home/ghassen/navera/install/position_estimator/lib/position_estimator
Installing ukf_node script to /home/ghassen/navera/install/position_estimator/lib/position_estimator
writing list of installed files to '/home/ghassen/navera/build/position_estimator/install.log'
