[0.463s] Invoking command in '/home/ghassen/navera/src/position_estimator': PYTHONPATH=/home/ghassen/navera/build/position_estimator/prefix_override:/usr/lib/python3/dist-packages/colcon_core/task/python/colcon_distutils_commands:/home/ghassen/navera/install/position_estimator/lib/python3.10/site-packages:${PYTHONPATH} WSLENV=ELECTRON_RUN_AS_NODE/w: /usr/bin/python3 -W ignore:setup.py install is deprecated setup.py egg_info --egg-base ../../build/position_estimator build --build-base /home/ghassen/navera/build/position_estimator/build install --record /home/ghassen/navera/build/position_estimator/install.log --single-version-externally-managed install_data
[0.636s] running egg_info
[0.637s] writing ../../build/position_estimator/position_estimator.egg-info/PKG-INFO
[0.637s] writing dependency_links to ../../build/position_estimator/position_estimator.egg-info/dependency_links.txt
[0.638s] writing entry points to ../../build/position_estimator/position_estimator.egg-info/entry_points.txt
[0.638s] writing requirements to ../../build/position_estimator/position_estimator.egg-info/requires.txt
[0.638s] writing top-level names to ../../build/position_estimator/position_estimator.egg-info/top_level.txt
[0.640s] reading manifest file '../../build/position_estimator/position_estimator.egg-info/SOURCES.txt'
[0.641s] writing manifest file '../../build/position_estimator/position_estimator.egg-info/SOURCES.txt'
[0.641s] running build
[0.641s] running build_py
[0.641s] copying position_estimator/ukf_node.py -> /home/ghassen/navera/build/position_estimator/build/lib/position_estimator
[0.642s] running install
[0.642s] running install_lib
[0.643s] copying /home/ghassen/navera/build/position_estimator/build/lib/position_estimator/ukf_node.py -> /home/ghassen/navera/install/position_estimator/lib/python3.10/site-packages/position_estimator
[0.644s] byte-compiling /home/ghassen/navera/install/position_estimator/lib/python3.10/site-packages/position_estimator/ukf_node.py to ukf_node.cpython-310.pyc
[0.645s] running install_data
[0.645s] running install_egg_info
[0.647s] removing '/home/ghassen/navera/install/position_estimator/lib/python3.10/site-packages/position_estimator-0.0.0-py3.10.egg-info' (and everything under it)
[0.647s] Copying ../../build/position_estimator/position_estimator.egg-info to /home/ghassen/navera/install/position_estimator/lib/python3.10/site-packages/position_estimator-0.0.0-py3.10.egg-info
[0.648s] running install_scripts
[0.664s] Installing GPS_node script to /home/ghassen/navera/install/position_estimator/lib/position_estimator
[0.664s] Installing IMU_node script to /home/ghassen/navera/install/position_estimator/lib/position_estimator
[0.664s] Installing aerialAdjustmentNode script to /home/ghassen/navera/install/position_estimator/lib/position_estimator
[0.665s] Installing aerial_vision_node script to /home/ghassen/navera/install/position_estimator/lib/position_estimator
[0.665s] Installing celestialAdjustmentNode script to /home/ghassen/navera/install/position_estimator/lib/position_estimator
[0.665s] Installing celestial_vision_node script to /home/ghassen/navera/install/position_estimator/lib/position_estimator
[0.665s] Installing gpsDriverNode script to /home/ghassen/navera/install/position_estimator/lib/position_estimator
[0.665s] Installing imuDriverNode script to /home/ghassen/navera/install/position_estimator/lib/position_estimator
[0.665s] Installing ukf_node script to /home/ghassen/navera/install/position_estimator/lib/position_estimator
[0.666s] writing list of installed files to '/home/ghassen/navera/build/position_estimator/install.log'
[0.687s] Invoked command in '/home/ghassen/navera/src/position_estimator' returned '0': PYTHONPATH=/home/ghassen/navera/build/position_estimator/prefix_override:/usr/lib/python3/dist-packages/colcon_core/task/python/colcon_distutils_commands:/home/ghassen/navera/install/position_estimator/lib/python3.10/site-packages:${PYTHONPATH} WSLENV=ELECTRON_RUN_AS_NODE/w: /usr/bin/python3 -W ignore:setup.py install is deprecated setup.py egg_info --egg-base ../../build/position_estimator build --build-base /home/ghassen/navera/build/position_estimator/build install --record /home/ghassen/navera/build/position_estimator/install.log --single-version-externally-managed install_data
