[0.600s] Invoking command in '/home/ghassen/navera/src/position_estimator': PYTHONPATH=/home/ghassen/navera/build/position_estimator/prefix_override:/usr/lib/python3/dist-packages/colcon_core/task/python/colcon_distutils_commands:/home/ghassen/navera/install/position_estimator/lib/python3.10/site-packages:${PYTHONPATH} /usr/bin/python3 -W ignore:setup.py install is deprecated setup.py egg_info --egg-base ../../build/position_estimator build --build-base /home/ghassen/navera/build/position_estimator/build install --record /home/ghassen/navera/build/position_estimator/install.log --single-version-externally-managed install_data
[0.795s] running egg_info
[0.795s] writing ../../build/position_estimator/position_estimator.egg-info/PKG-INFO
[0.796s] writing dependency_links to ../../build/position_estimator/position_estimator.egg-info/dependency_links.txt
[0.796s] writing entry points to ../../build/position_estimator/position_estimator.egg-info/entry_points.txt
[0.796s] writing requirements to ../../build/position_estimator/position_estimator.egg-info/requires.txt
[0.796s] writing top-level names to ../../build/position_estimator/position_estimator.egg-info/top_level.txt
[0.798s] reading manifest file '../../build/position_estimator/position_estimator.egg-info/SOURCES.txt'
[0.800s] writing manifest file '../../build/position_estimator/position_estimator.egg-info/SOURCES.txt'
[0.800s] running build
[0.800s] running build_py
[0.801s] running install
[0.801s] running install_lib
[0.803s] running install_data
[0.803s] running install_egg_info
[0.805s] removing '/home/ghassen/navera/install/position_estimator/lib/python3.10/site-packages/position_estimator-0.0.0-py3.10.egg-info' (and everything under it)
[0.806s] Copying ../../build/position_estimator/position_estimator.egg-info to /home/ghassen/navera/install/position_estimator/lib/python3.10/site-packages/position_estimator-0.0.0-py3.10.egg-info
[0.808s] running install_scripts
[0.826s] Installing GPS_node script to /home/ghassen/navera/install/position_estimator/lib/position_estimator
[0.827s] Installing IMU_node script to /home/ghassen/navera/install/position_estimator/lib/position_estimator
[0.827s] Installing aerial_vision_node script to /home/ghassen/navera/install/position_estimator/lib/position_estimator
[0.827s] Installing celestial_vision_node script to /home/ghassen/navera/install/position_estimator/lib/position_estimator
[0.827s] Installing ukf_node script to /home/ghassen/navera/install/position_estimator/lib/position_estimator
[0.828s] writing list of installed files to '/home/ghassen/navera/build/position_estimator/install.log'
[0.852s] Invoked command in '/home/ghassen/navera/src/position_estimator' returned '0': PYTHONPATH=/home/ghassen/navera/build/position_estimator/prefix_override:/usr/lib/python3/dist-packages/colcon_core/task/python/colcon_distutils_commands:/home/ghassen/navera/install/position_estimator/lib/python3.10/site-packages:${PYTHONPATH} /usr/bin/python3 -W ignore:setup.py install is deprecated setup.py egg_info --egg-base ../../build/position_estimator build --build-base /home/ghassen/navera/build/position_estimator/build install --record /home/ghassen/navera/build/position_estimator/install.log --single-version-externally-managed install_data
