[0.472s] Invoking command in '/home/ghassen/navera/src/position_estimator': PYTHONPATH=/home/ghassen/navera/build/position_estimator/prefix_override:/usr/lib/python3/dist-packages/colcon_core/task/python/colcon_distutils_commands:/home/ghassen/navera/install/position_estimator/lib/python3.10/site-packages:${PYTHONPATH} /usr/bin/python3 -W ignore:setup.py install is deprecated setup.py egg_info --egg-base ../../build/position_estimator build --build-base /home/ghassen/navera/build/position_estimator/build install --record /home/ghassen/navera/build/position_estimator/install.log --single-version-externally-managed install_data
[0.630s] running egg_info
[0.631s] writing ../../build/position_estimator/position_estimator.egg-info/PKG-INFO
[0.631s] writing dependency_links to ../../build/position_estimator/position_estimator.egg-info/dependency_links.txt
[0.631s] writing entry points to ../../build/position_estimator/position_estimator.egg-info/entry_points.txt
[0.631s] writing requirements to ../../build/position_estimator/position_estimator.egg-info/requires.txt
[0.631s] writing top-level names to ../../build/position_estimator/position_estimator.egg-info/top_level.txt
[0.633s] reading manifest file '../../build/position_estimator/position_estimator.egg-info/SOURCES.txt'
[0.635s] writing manifest file '../../build/position_estimator/position_estimator.egg-info/SOURCES.txt'
[0.635s] running build
[0.635s] running build_py
[0.635s] running install
[0.636s] running install_lib
[0.638s] running install_data
[0.638s] running install_egg_info
[0.639s] removing '/home/ghassen/navera/install/position_estimator/lib/python3.10/site-packages/position_estimator-0.0.0-py3.10.egg-info' (and everything under it)
[0.642s] Copying ../../build/position_estimator/position_estimator.egg-info to /home/ghassen/navera/install/position_estimator/lib/python3.10/site-packages/position_estimator-0.0.0-py3.10.egg-info
[0.644s] running install_scripts
[0.659s] Installing GPS_node script to /home/ghassen/navera/install/position_estimator/lib/position_estimator
[0.660s] Installing IMU_node script to /home/ghassen/navera/install/position_estimator/lib/position_estimator
[0.660s] Installing aerialAdjustmentNode script to /home/ghassen/navera/install/position_estimator/lib/position_estimator
[0.660s] Installing aerial_vision_node script to /home/ghassen/navera/install/position_estimator/lib/position_estimator
[0.661s] Installing celestial_vision_node script to /home/ghassen/navera/install/position_estimator/lib/position_estimator
[0.661s] Installing gpsDriverNode script to /home/ghassen/navera/install/position_estimator/lib/position_estimator
[0.661s] Installing imuDriverNode script to /home/ghassen/navera/install/position_estimator/lib/position_estimator
[0.661s] Installing ukf_node script to /home/ghassen/navera/install/position_estimator/lib/position_estimator
[0.661s] writing list of installed files to '/home/ghassen/navera/build/position_estimator/install.log'
[0.681s] Invoked command in '/home/ghassen/navera/src/position_estimator' returned '0': PYTHONPATH=/home/ghassen/navera/build/position_estimator/prefix_override:/usr/lib/python3/dist-packages/colcon_core/task/python/colcon_distutils_commands:/home/ghassen/navera/install/position_estimator/lib/python3.10/site-packages:${PYTHONPATH} /usr/bin/python3 -W ignore:setup.py install is deprecated setup.py egg_info --egg-base ../../build/position_estimator build --build-base /home/ghassen/navera/build/position_estimator/build install --record /home/ghassen/navera/build/position_estimator/install.log --single-version-externally-managed install_data
